
*** Running vivado
    with args -log ug1165_bd_wrapper.vdi -applog -m64 -product Vivado -messageDb vivado.pb -mode batch -source ug1165_bd_wrapper.tcl -notrace


****** Vivado v2016.4 (64-bit)
  **** SW Build 1733598 on Wed Dec 14 22:35:39 MST 2016
  **** IP Build 1731160 on Wed Dec 14 23:47:21 MST 2016
    ** Copyright 1986-2016 Xilinx, Inc. All Rights Reserved.

source ug1165_bd_wrapper.tcl -notrace
Design is defaulting to srcset: sources_1
Design is defaulting to constrset: constrs_1
INFO: [Project 1-454] Reading design checkpoint 'c:/Users/zhang/Documents/SoC/ug1165/ug1165.srcs/sources_1/bd/ug1165_bd/ip/ug1165_bd_Blink_0_0/ug1165_bd_Blink_0_0.dcp' for cell 'ug1165_bd_i/Blink_0'
INFO: [Project 1-454] Reading design checkpoint 'c:/Users/zhang/Documents/SoC/ug1165/ug1165.srcs/sources_1/bd/ug1165_bd/ip/ug1165_bd_processing_system7_0_0/ug1165_bd_processing_system7_0_0.dcp' for cell 'ug1165_bd_i/processing_system7_0'
INFO: [Project 1-454] Reading design checkpoint 'c:/Users/zhang/Documents/SoC/ug1165/ug1165.srcs/sources_1/bd/ug1165_bd/ip/ug1165_bd_rst_ps7_0_100M_0/ug1165_bd_rst_ps7_0_100M_0.dcp' for cell 'ug1165_bd_i/rst_ps7_0_100M'
INFO: [Project 1-454] Reading design checkpoint 'c:/Users/zhang/Documents/SoC/ug1165/ug1165.srcs/sources_1/bd/ug1165_bd/ip/ug1165_bd_xbar_0/ug1165_bd_xbar_0.dcp' for cell 'ug1165_bd_i/ps7_0_axi_periph/xbar'
INFO: [Project 1-454] Reading design checkpoint 'c:/Users/zhang/Documents/SoC/ug1165/ug1165.srcs/sources_1/bd/ug1165_bd/ip/ug1165_bd_auto_pc_0/ug1165_bd_auto_pc_0.dcp' for cell 'ug1165_bd_i/ps7_0_axi_periph/s00_couplers/auto_pc'
INFO: [Netlist 29-17] Analyzing 33 Unisim elements for replacement
INFO: [Netlist 29-28] Unisim Transformation completed in 0 CPU seconds
INFO: [Project 1-479] Netlist was created with Vivado 2016.4
INFO: [Device 21-403] Loading part xc7z020clg484-1
INFO: [Project 1-570] Preparing netlist for logic optimization
Parsing XDC File [c:/Users/zhang/Documents/SoC/ug1165/ug1165.srcs/sources_1/bd/ug1165_bd/ip/ug1165_bd_processing_system7_0_0/ug1165_bd_processing_system7_0_0.xdc] for cell 'ug1165_bd_i/processing_system7_0/inst'
Finished Parsing XDC File [c:/Users/zhang/Documents/SoC/ug1165/ug1165.srcs/sources_1/bd/ug1165_bd/ip/ug1165_bd_processing_system7_0_0/ug1165_bd_processing_system7_0_0.xdc] for cell 'ug1165_bd_i/processing_system7_0/inst'
Parsing XDC File [c:/Users/zhang/Documents/SoC/ug1165/ug1165.srcs/sources_1/bd/ug1165_bd/ip/ug1165_bd_rst_ps7_0_100M_0/ug1165_bd_rst_ps7_0_100M_0_board.xdc] for cell 'ug1165_bd_i/rst_ps7_0_100M/U0'
Finished Parsing XDC File [c:/Users/zhang/Documents/SoC/ug1165/ug1165.srcs/sources_1/bd/ug1165_bd/ip/ug1165_bd_rst_ps7_0_100M_0/ug1165_bd_rst_ps7_0_100M_0_board.xdc] for cell 'ug1165_bd_i/rst_ps7_0_100M/U0'
Parsing XDC File [c:/Users/zhang/Documents/SoC/ug1165/ug1165.srcs/sources_1/bd/ug1165_bd/ip/ug1165_bd_rst_ps7_0_100M_0/ug1165_bd_rst_ps7_0_100M_0.xdc] for cell 'ug1165_bd_i/rst_ps7_0_100M/U0'
Finished Parsing XDC File [c:/Users/zhang/Documents/SoC/ug1165/ug1165.srcs/sources_1/bd/ug1165_bd/ip/ug1165_bd_rst_ps7_0_100M_0/ug1165_bd_rst_ps7_0_100M_0.xdc] for cell 'ug1165_bd_i/rst_ps7_0_100M/U0'
Parsing XDC File [C:/Users/zhang/Documents/SoC/ug1165/ug1165.srcs/constrs_1/new/leds.xdc]
Finished Parsing XDC File [C:/Users/zhang/Documents/SoC/ug1165/ug1165.srcs/constrs_1/new/leds.xdc]
INFO: [Project 1-538] Using original IP XDC constraints instead of the XDC constraints in dcp 'c:/Users/zhang/Documents/SoC/ug1165/ug1165.srcs/sources_1/bd/ug1165_bd/ip/ug1165_bd_processing_system7_0_0/ug1165_bd_processing_system7_0_0.dcp'
INFO: [Project 1-538] Using original IP XDC constraints instead of the XDC constraints in dcp 'c:/Users/zhang/Documents/SoC/ug1165/ug1165.srcs/sources_1/bd/ug1165_bd/ip/ug1165_bd_rst_ps7_0_100M_0/ug1165_bd_rst_ps7_0_100M_0.dcp'
INFO: [Project 1-538] Using original IP XDC constraints instead of the XDC constraints in dcp 'c:/Users/zhang/Documents/SoC/ug1165/ug1165.srcs/sources_1/bd/ug1165_bd/ip/ug1165_bd_xbar_0/ug1165_bd_xbar_0.dcp'
INFO: [Project 1-538] Using original IP XDC constraints instead of the XDC constraints in dcp 'c:/Users/zhang/Documents/SoC/ug1165/ug1165.srcs/sources_1/bd/ug1165_bd/ip/ug1165_bd_auto_pc_0/ug1165_bd_auto_pc_0.dcp'
INFO: [Opt 31-138] Pushed 0 inverter(s) to 0 load pin(s).
INFO: [Project 1-111] Unisim Transformation Summary:
No Unisim elements were transformed.

link_design: Time (s): cpu = 00:00:09 ; elapsed = 00:00:10 . Memory (MB): peak = 504.395 ; gain = 294.188
Command: opt_design
Attempting to get a license for feature 'Implementation' and/or device 'xc7z020'
INFO: [Common 17-349] Got license for feature 'Implementation' and/or device 'xc7z020'
Running DRC as a precondition to command opt_design

Starting DRC Task
INFO: [DRC 23-27] Running DRC with 2 threads
INFO: [Project 1-461] DRC finished with 0 Errors
INFO: [Project 1-462] Please refer to the DRC report (report_drc) for more information.

Time (s): cpu = 00:00:01 ; elapsed = 00:00:00.598 . Memory (MB): peak = 514.211 ; gain = 9.816
INFO: [Timing 38-35] Done setting XDC timing constraints.

Starting Logic Optimization Task
Implement Debug Cores | Checksum: 1633ef69e

Phase 1 Retarget
INFO: [Opt 31-138] Pushed 0 inverter(s) to 0 load pin(s).
INFO: [Opt 31-49] Retargeted 0 cell(s).
Phase 1 Retarget | Checksum: 107af5842

Time (s): cpu = 00:00:01 ; elapsed = 00:00:00.240 . Memory (MB): peak = 998.668 ; gain = 0.000

Phase 2 Constant propagation
INFO: [Opt 31-138] Pushed 0 inverter(s) to 0 load pin(s).
INFO: [Opt 31-10] Eliminated 76 cells.
Phase 2 Constant propagation | Checksum: 1ceb81597

Time (s): cpu = 00:00:01 ; elapsed = 00:00:00.549 . Memory (MB): peak = 998.668 ; gain = 0.000

Phase 3 Sweep
INFO: [Opt 31-12] Eliminated 229 unconnected nets.
INFO: [Opt 31-11] Eliminated 267 unconnected cells.
Phase 3 Sweep | Checksum: b8764c8e

Time (s): cpu = 00:00:02 ; elapsed = 00:00:01 . Memory (MB): peak = 998.668 ; gain = 0.000

Phase 4 BUFG optimization
INFO: [Opt 31-12] Eliminated 0 unconnected nets.
INFO: [Opt 31-11] Eliminated 0 unconnected cells.
Phase 4 BUFG optimization | Checksum: 14c2554f9

Time (s): cpu = 00:00:02 ; elapsed = 00:00:01 . Memory (MB): peak = 998.668 ; gain = 0.000

Starting Connectivity Check Task

Time (s): cpu = 00:00:00 ; elapsed = 00:00:00.007 . Memory (MB): peak = 998.668 ; gain = 0.000
Ending Logic Optimization Task | Checksum: 14c2554f9

Time (s): cpu = 00:00:02 ; elapsed = 00:00:02 . Memory (MB): peak = 998.668 ; gain = 0.000

Starting Power Optimization Task
INFO: [Pwropt 34-132] Skipping clock gating for clocks with a period < 2.00 ns.
Ending Power Optimization Task | Checksum: 14c2554f9

Time (s): cpu = 00:00:00 ; elapsed = 00:00:00.023 . Memory (MB): peak = 998.668 ; gain = 0.000
INFO: [Common 17-83] Releasing license: Implementation
31 Infos, 0 Warnings, 0 Critical Warnings and 0 Errors encountered.
opt_design completed successfully
opt_design: Time (s): cpu = 00:00:15 ; elapsed = 00:00:15 . Memory (MB): peak = 998.668 ; gain = 494.273
Writing placer database...
Writing XDEF routing.
Writing XDEF routing logical nets.
Writing XDEF routing special nets.
Write XDEF Complete: Time (s): cpu = 00:00:01 ; elapsed = 00:00:00.119 . Memory (MB): peak = 998.668 ; gain = 0.000
INFO: [Common 17-1381] The checkpoint 'C:/Users/zhang/Documents/SoC/ug1165/ug1165.runs/impl_1/ug1165_bd_wrapper_opt.dcp' has been generated.
INFO: [DRC 23-27] Running DRC with 2 threads
INFO: [Coretcl 2-168] The results of DRC are in file C:/Users/zhang/Documents/SoC/ug1165/ug1165.runs/impl_1/ug1165_bd_wrapper_drc_opted.rpt.
INFO: [Chipscope 16-241] No debug cores found in the current design.
Before running the implement_debug_core command, either use the Set Up Debug wizard (GUI mode)
or use the create_debug_core and connect_debug_core Tcl commands to insert debug cores into the design.
Command: place_design
Attempting to get a license for feature 'Implementation' and/or device 'xc7z020'
INFO: [Common 17-349] Got license for feature 'Implementation' and/or device 'xc7z020'
INFO: [DRC 23-27] Running DRC with 2 threads
INFO: [Vivado_Tcl 4-198] DRC finished with 0 Errors
INFO: [Vivado_Tcl 4-199] Please refer to the DRC report (report_drc) for more information.
Running DRC as a precondition to command place_design
INFO: [DRC 23-27] Running DRC with 2 threads
INFO: [Vivado_Tcl 4-198] DRC finished with 0 Errors
INFO: [Vivado_Tcl 4-199] Please refer to the DRC report (report_drc) for more information.

Starting Placer Task
INFO: [Place 30-611] Multithreading enabled for place_design using a maximum of 2 CPUs

Phase 1 Placer Initialization
Netlist sorting complete. Time (s): cpu = 00:00:00 ; elapsed = 00:00:00.007 . Memory (MB): peak = 998.668 ; gain = 0.000
Netlist sorting complete. Time (s): cpu = 00:00:00 ; elapsed = 00:00:00.005 . Memory (MB): peak = 998.668 ; gain = 0.000

Phase 1.1 IO Placement/ Clock Placement/ Build Placer Device
INFO: [Timing 38-35] Done setting XDC timing constraints.
Phase 1.1 IO Placement/ Clock Placement/ Build Placer Device | Checksum: 10e15ccba

Time (s): cpu = 00:00:02 ; elapsed = 00:00:02 . Memory (MB): peak = 1024.707 ; gain = 26.039

Phase 1.2 Build Placer Netlist Model
Phase 1.2 Build Placer Netlist Model | Checksum: 1c1d29971

Time (s): cpu = 00:00:03 ; elapsed = 00:00:03 . Memory (MB): peak = 1024.707 ; gain = 26.039

Phase 1.3 Constrain Clocks/Macros
Phase 1.3 Constrain Clocks/Macros | Checksum: 1c1d29971

Time (s): cpu = 00:00:03 ; elapsed = 00:00:03 . Memory (MB): peak = 1024.707 ; gain = 26.039
Phase 1 Placer Initialization | Checksum: 1c1d29971

Time (s): cpu = 00:00:03 ; elapsed = 00:00:03 . Memory (MB): peak = 1024.707 ; gain = 26.039

Phase 2 Global Placement
Phase 2 Global Placement | Checksum: 1fd71a371

Time (s): cpu = 00:00:07 ; elapsed = 00:00:05 . Memory (MB): peak = 1024.707 ; gain = 26.039

Phase 3 Detail Placement

Phase 3.1 Commit Multi Column Macros
Phase 3.1 Commit Multi Column Macros | Checksum: 1fd71a371

Time (s): cpu = 00:00:07 ; elapsed = 00:00:05 . Memory (MB): peak = 1024.707 ; gain = 26.039

Phase 3.2 Commit Most Macros & LUTRAMs
Phase 3.2 Commit Most Macros & LUTRAMs | Checksum: dc4a0265

Time (s): cpu = 00:00:07 ; elapsed = 00:00:05 . Memory (MB): peak = 1024.707 ; gain = 26.039

Phase 3.3 Area Swap Optimization
Phase 3.3 Area Swap Optimization | Checksum: f3ce15c7

Time (s): cpu = 00:00:07 ; elapsed = 00:00:05 . Memory (MB): peak = 1024.707 ; gain = 26.039

Phase 3.4 Pipeline Register Optimization
Phase 3.4 Pipeline Register Optimization | Checksum: f3ce15c7

Time (s): cpu = 00:00:07 ; elapsed = 00:00:05 . Memory (MB): peak = 1024.707 ; gain = 26.039

Phase 3.5 Timing Path Optimizer
Phase 3.5 Timing Path Optimizer | Checksum: 968da994

Time (s): cpu = 00:00:07 ; elapsed = 00:00:05 . Memory (MB): peak = 1024.707 ; gain = 26.039

Phase 3.6 Small Shape Detail Placement
Phase 3.6 Small Shape Detail Placement | Checksum: 17232fc61

Time (s): cpu = 00:00:08 ; elapsed = 00:00:06 . Memory (MB): peak = 1024.707 ; gain = 26.039

Phase 3.7 Re-assign LUT pins
Phase 3.7 Re-assign LUT pins | Checksum: 150729a52

Time (s): cpu = 00:00:08 ; elapsed = 00:00:06 . Memory (MB): peak = 1024.707 ; gain = 26.039

Phase 3.8 Pipeline Register Optimization
Phase 3.8 Pipeline Register Optimization | Checksum: 150729a52

Time (s): cpu = 00:00:08 ; elapsed = 00:00:06 . Memory (MB): peak = 1024.707 ; gain = 26.039
Phase 3 Detail Placement | Checksum: 150729a52

Time (s): cpu = 00:00:08 ; elapsed = 00:00:06 . Memory (MB): peak = 1024.707 ; gain = 26.039

Phase 4 Post Placement Optimization and Clean-Up

Phase 4.1 Post Commit Optimization
INFO: [Timing 38-35] Done setting XDC timing constraints.

Phase 4.1.1 Post Placement Optimization
INFO: [Place 30-746] Post Placement Timing Summary WNS=4.006. For the most accurate timing information please run report_timing.
Phase 4.1.1 Post Placement Optimization | Checksum: 11821b581

Time (s): cpu = 00:00:09 ; elapsed = 00:00:07 . Memory (MB): peak = 1024.707 ; gain = 26.039
Phase 4.1 Post Commit Optimization | Checksum: 11821b581

Time (s): cpu = 00:00:09 ; elapsed = 00:00:07 . Memory (MB): peak = 1024.707 ; gain = 26.039

Phase 4.2 Post Placement Cleanup
Phase 4.2 Post Placement Cleanup | Checksum: 11821b581

Time (s): cpu = 00:00:09 ; elapsed = 00:00:07 . Memory (MB): peak = 1024.707 ; gain = 26.039

Phase 4.3 Placer Reporting
Phase 4.3 Placer Reporting | Checksum: 11821b581

Time (s): cpu = 00:00:09 ; elapsed = 00:00:07 . Memory (MB): peak = 1024.707 ; gain = 26.039

Phase 4.4 Final Placement Cleanup
Phase 4.4 Final Placement Cleanup | Checksum: 1f7078746

Time (s): cpu = 00:00:09 ; elapsed = 00:00:07 . Memory (MB): peak = 1024.707 ; gain = 26.039
Phase 4 Post Placement Optimization and Clean-Up | Checksum: 1f7078746

Time (s): cpu = 00:00:09 ; elapsed = 00:00:07 . Memory (MB): peak = 1024.707 ; gain = 26.039
Ending Placer Task | Checksum: 1918a938c

Time (s): cpu = 00:00:09 ; elapsed = 00:00:07 . Memory (MB): peak = 1024.707 ; gain = 26.039
INFO: [Common 17-83] Releasing license: Implementation
47 Infos, 0 Warnings, 0 Critical Warnings and 0 Errors encountered.
place_design completed successfully
place_design: Time (s): cpu = 00:00:12 ; elapsed = 00:00:09 . Memory (MB): peak = 1024.707 ; gain = 26.039
Writing placer database...
Writing XDEF routing.
Writing XDEF routing logical nets.
Writing XDEF routing special nets.
Write XDEF Complete: Time (s): cpu = 00:00:01 ; elapsed = 00:00:00.314 . Memory (MB): peak = 1024.707 ; gain = 0.000
INFO: [Common 17-1381] The checkpoint 'C:/Users/zhang/Documents/SoC/ug1165/ug1165.runs/impl_1/ug1165_bd_wrapper_placed.dcp' has been generated.
report_io: Time (s): cpu = 00:00:00 ; elapsed = 00:00:00.085 . Memory (MB): peak = 1024.707 ; gain = 0.000
report_utilization: Time (s): cpu = 00:00:00 ; elapsed = 00:00:00.036 . Memory (MB): peak = 1024.707 ; gain = 0.000
report_control_sets: Time (s): cpu = 00:00:00 ; elapsed = 00:00:00.013 . Memory (MB): peak = 1024.707 ; gain = 0.000
Command: route_design
Attempting to get a license for feature 'Implementation' and/or device 'xc7z020'
INFO: [Common 17-349] Got license for feature 'Implementation' and/or device 'xc7z020'
Running DRC as a precondition to command route_design
INFO: [DRC 23-27] Running DRC with 2 threads
INFO: [Vivado_Tcl 4-198] DRC finished with 0 Errors
INFO: [Vivado_Tcl 4-199] Please refer to the DRC report (report_drc) for more information.


Starting Routing Task
INFO: [Route 35-254] Multithreading enabled for route_design using a maximum of 2 CPUs
Checksum: PlaceDB: a81d3bf6 ConstDB: 0 ShapeSum: e96d5796 RouteDB: 0

Phase 1 Build RT Design
Phase 1 Build RT Design | Checksum: 159e2afed

Time (s): cpu = 00:00:33 ; elapsed = 00:00:30 . Memory (MB): peak = 1163.250 ; gain = 138.543

Phase 2 Router Initialization

Phase 2.1 Create Timer
Phase 2.1 Create Timer | Checksum: 159e2afed

Time (s): cpu = 00:00:33 ; elapsed = 00:00:30 . Memory (MB): peak = 1163.250 ; gain = 138.543

Phase 2.2 Fix Topology Constraints
Phase 2.2 Fix Topology Constraints | Checksum: 159e2afed

Time (s): cpu = 00:00:33 ; elapsed = 00:00:30 . Memory (MB): peak = 1163.250 ; gain = 138.543

Phase 2.3 Pre Route Cleanup
Phase 2.3 Pre Route Cleanup | Checksum: 159e2afed

Time (s): cpu = 00:00:33 ; elapsed = 00:00:30 . Memory (MB): peak = 1163.250 ; gain = 138.543
 Number of Nodes with overlaps = 0

Phase 2.4 Update Timing
Phase 2.4 Update Timing | Checksum: 178444497

Time (s): cpu = 00:00:35 ; elapsed = 00:00:31 . Memory (MB): peak = 1171.352 ; gain = 146.645
INFO: [Route 35-416] Intermediate Timing Summary | WNS=4.034  | TNS=0.000  | WHS=-0.190 | THS=-20.347|

Phase 2 Router Initialization | Checksum: 18bbdc12e

Time (s): cpu = 00:00:35 ; elapsed = 00:00:31 . Memory (MB): peak = 1171.352 ; gain = 146.645

Phase 3 Initial Routing
Phase 3 Initial Routing | Checksum: 110af66db

Time (s): cpu = 00:00:35 ; elapsed = 00:00:31 . Memory (MB): peak = 1171.352 ; gain = 146.645

Phase 4 Rip-up And Reroute

Phase 4.1 Global Iteration 0
 Number of Nodes with overlaps = 96
 Number of Nodes with overlaps = 0

Phase 4.1.1 Update Timing
Phase 4.1.1 Update Timing | Checksum: 16e6a7a06

Time (s): cpu = 00:00:36 ; elapsed = 00:00:32 . Memory (MB): peak = 1171.352 ; gain = 146.645
INFO: [Route 35-416] Intermediate Timing Summary | WNS=3.703  | TNS=0.000  | WHS=N/A    | THS=N/A    |

Phase 4.1 Global Iteration 0 | Checksum: cd5d0310

Time (s): cpu = 00:00:36 ; elapsed = 00:00:32 . Memory (MB): peak = 1171.352 ; gain = 146.645

Phase 4.2 Global Iteration 1
 Number of Nodes with overlaps = 0

Phase 4.2.1 Update Timing
Phase 4.2.1 Update Timing | Checksum: 1658a3039

Time (s): cpu = 00:00:36 ; elapsed = 00:00:32 . Memory (MB): peak = 1171.352 ; gain = 146.645
INFO: [Route 35-416] Intermediate Timing Summary | WNS=3.703  | TNS=0.000  | WHS=N/A    | THS=N/A    |

Phase 4.2 Global Iteration 1 | Checksum: 1460a8009

Time (s): cpu = 00:00:36 ; elapsed = 00:00:32 . Memory (MB): peak = 1171.352 ; gain = 146.645
Phase 4 Rip-up And Reroute | Checksum: 1460a8009

Time (s): cpu = 00:00:36 ; elapsed = 00:00:32 . Memory (MB): peak = 1171.352 ; gain = 146.645

Phase 5 Delay and Skew Optimization

Phase 5.1 Delay CleanUp
Phase 5.1 Delay CleanUp | Checksum: 1460a8009

Time (s): cpu = 00:00:36 ; elapsed = 00:00:32 . Memory (MB): peak = 1171.352 ; gain = 146.645

Phase 5.2 Clock Skew Optimization
Phase 5.2 Clock Skew Optimization | Checksum: 1460a8009

Time (s): cpu = 00:00:36 ; elapsed = 00:00:32 . Memory (MB): peak = 1171.352 ; gain = 146.645
Phase 5 Delay and Skew Optimization | Checksum: 1460a8009

Time (s): cpu = 00:00:36 ; elapsed = 00:00:32 . Memory (MB): peak = 1171.352 ; gain = 146.645

Phase 6 Post Hold Fix

Phase 6.1 Hold Fix Iter

Phase 6.1.1 Update Timing
Phase 6.1.1 Update Timing | Checksum: 175222d00

Time (s): cpu = 00:00:36 ; elapsed = 00:00:32 . Memory (MB): peak = 1171.352 ; gain = 146.645
INFO: [Route 35-416] Intermediate Timing Summary | WNS=3.818  | TNS=0.000  | WHS=0.050  | THS=0.000  |

Phase 6.1 Hold Fix Iter | Checksum: 1ecbfc75d

Time (s): cpu = 00:00:36 ; elapsed = 00:00:32 . Memory (MB): peak = 1171.352 ; gain = 146.645
Phase 6 Post Hold Fix | Checksum: 1ecbfc75d

Time (s): cpu = 00:00:36 ; elapsed = 00:00:32 . Memory (MB): peak = 1171.352 ; gain = 146.645

Phase 7 Route finalize

Router Utilization Summary
  Global Vertical Routing Utilization    = 0.178316 %
  Global Horizontal Routing Utilization  = 0.244253 %
  Routable Net Status*
  *Does not include unroutable nets such as driverless and loadless.
  Run report_route_status for detailed report.
  Number of Failed Nets               = 0
  Number of Unrouted Nets             = 0
  Number of Partially Routed Nets     = 0
  Number of Node Overlaps             = 0

Phase 7 Route finalize | Checksum: 1d89d38d1

Time (s): cpu = 00:00:36 ; elapsed = 00:00:32 . Memory (MB): peak = 1171.352 ; gain = 146.645

Phase 8 Verifying routed nets

 Verification completed successfully
Phase 8 Verifying routed nets | Checksum: 1d89d38d1

Time (s): cpu = 00:00:36 ; elapsed = 00:00:32 . Memory (MB): peak = 1171.352 ; gain = 146.645

Phase 9 Depositing Routes
Phase 9 Depositing Routes | Checksum: 19b762aaf

Time (s): cpu = 00:00:37 ; elapsed = 00:00:32 . Memory (MB): peak = 1171.352 ; gain = 146.645

Phase 10 Post Router Timing
INFO: [Route 35-57] Estimated Timing Summary | WNS=3.818  | TNS=0.000  | WHS=0.050  | THS=0.000  |

INFO: [Route 35-327] The final timing numbers are based on the router estimated timing analysis. For a complete and accurate timing signoff, please run report_timing_summary.
Phase 10 Post Router Timing | Checksum: 19b762aaf

Time (s): cpu = 00:00:37 ; elapsed = 00:00:32 . Memory (MB): peak = 1171.352 ; gain = 146.645
INFO: [Route 35-16] Router Completed Successfully

Time (s): cpu = 00:00:37 ; elapsed = 00:00:32 . Memory (MB): peak = 1171.352 ; gain = 146.645

Routing Is Done.
INFO: [Common 17-83] Releasing license: Implementation
61 Infos, 0 Warnings, 0 Critical Warnings and 0 Errors encountered.
route_design completed successfully
route_design: Time (s): cpu = 00:00:40 ; elapsed = 00:00:34 . Memory (MB): peak = 1171.352 ; gain = 146.645
Writing placer database...
Writing XDEF routing.
Writing XDEF routing logical nets.
Writing XDEF routing special nets.
Write XDEF Complete: Time (s): cpu = 00:00:01 ; elapsed = 00:00:00.321 . Memory (MB): peak = 1171.352 ; gain = 0.000
INFO: [Common 17-1381] The checkpoint 'C:/Users/zhang/Documents/SoC/ug1165/ug1165.runs/impl_1/ug1165_bd_wrapper_routed.dcp' has been generated.
INFO: [DRC 23-27] Running DRC with 2 threads
INFO: [Coretcl 2-168] The results of DRC are in file C:/Users/zhang/Documents/SoC/ug1165/ug1165.runs/impl_1/ug1165_bd_wrapper_drc_routed.rpt.
INFO: [Timing 38-35] Done setting XDC timing constraints.
INFO: [DRC 23-133] Running Methodology with 2 threads
INFO: [Coretcl 2-1520] The results of Report Methodology are in file C:/Users/zhang/Documents/SoC/ug1165/ug1165.runs/impl_1/ug1165_bd_wrapper_methodology_drc_routed.rpt.
INFO: [Timing 38-35] Done setting XDC timing constraints.
INFO: [Timing 38-91] UpdateTimingParams: Speed grade: -1, Delay Type: min_max.
INFO: [Timing 38-191] Multithreading enabled for timing update using a maximum of 2 CPUs
INFO: [Timing 38-35] Done setting XDC timing constraints.
Command: report_power -file ug1165_bd_wrapper_power_routed.rpt -pb ug1165_bd_wrapper_power_summary_routed.pb -rpx ug1165_bd_wrapper_power_routed.rpx
Running Vector-less Activity Propagation...

Finished Running Vector-less Activity Propagation
71 Infos, 0 Warnings, 0 Critical Warnings and 0 Errors encountered.
report_power completed successfully
Command: write_bitstream -force -no_partial_bitfile ug1165_bd_wrapper.bit
Attempting to get a license for feature 'Implementation' and/or device 'xc7z020'
INFO: [Common 17-349] Got license for feature 'Implementation' and/or device 'xc7z020'
Running DRC as a precondition to command write_bitstream
INFO: [DRC 23-27] Running DRC with 2 threads
INFO: [Vivado 12-3199] DRC finished with 0 Errors
INFO: [Vivado 12-3200] Please refer to the DRC report (report_drc) for more information.
Loading data files...
Loading site data...
Loading route data...
Processing options...
Creating bitmap...
Creating bitstream...
Writing bitstream ./ug1165_bd_wrapper.bit...
INFO: [Vivado 12-1842] Bitgen Completed Successfully.
INFO: [Project 1-120] WebTalk data collection is mandatory when using a WebPACK part without a full Vivado license. To see the specific WebTalk data collected for your design, open the usage_statistics_webtalk.html or usage_statistics_webtalk.xml file in the implementation directory.
INFO: [Common 17-186] 'C:/Users/zhang/Documents/SoC/ug1165/ug1165.runs/impl_1/usage_statistics_webtalk.xml' has been successfully sent to Xilinx on Sat Jan 28 17:18:56 2017. For additional details about this file, please refer to the WebTalk help file at C:/Xilinx/Vivado/2016.4/doc/webtalk_introduction.html.
INFO: [Common 17-83] Releasing license: Implementation
79 Infos, 0 Warnings, 0 Critical Warnings and 0 Errors encountered.
write_bitstream completed successfully
write_bitstream: Time (s): cpu = 00:00:20 ; elapsed = 00:00:22 . Memory (MB): peak = 1536.168 ; gain = 355.484
INFO: [Common 17-206] Exiting Vivado at Sat Jan 28 17:18:57 2017...

*** Running vivado
    with args -log ug1165_bd_wrapper.vdi -applog -m64 -product Vivado -messageDb vivado.pb -mode batch -source ug1165_bd_wrapper.tcl -notrace


****** Vivado v2016.4 (64-bit)
  **** SW Build 1733598 on Wed Dec 14 22:35:39 MST 2016
  **** IP Build 1731160 on Wed Dec 14 23:47:21 MST 2016
    ** Copyright 1986-2016 Xilinx, Inc. All Rights Reserved.

source ug1165_bd_wrapper.tcl -notrace
Command: open_checkpoint ug1165_bd_wrapper_routed.dcp

Starting open_checkpoint Task

Time (s): cpu = 00:00:00 ; elapsed = 00:00:00.024 . Memory (MB): peak = 210.234 ; gain = 0.000
INFO: [Netlist 29-17] Analyzing 27 Unisim elements for replacement
INFO: [Netlist 29-28] Unisim Transformation completed in 0 CPU seconds
INFO: [Project 1-479] Netlist was created with Vivado 2016.4
INFO: [Device 21-403] Loading part xc7z020clg484-1
INFO: [Project 1-570] Preparing netlist for logic optimization
Parsing XDC File [C:/Users/zhang/Documents/SoC/ug1165/ug1165.runs/impl_1/.Xil/Vivado-7148-DESKTOP-OVL59AB/dcp/ug1165_bd_wrapper_early.xdc]
Finished Parsing XDC File [C:/Users/zhang/Documents/SoC/ug1165/ug1165.runs/impl_1/.Xil/Vivado-7148-DESKTOP-OVL59AB/dcp/ug1165_bd_wrapper_early.xdc]
Parsing XDC File [C:/Users/zhang/Documents/SoC/ug1165/ug1165.runs/impl_1/.Xil/Vivado-7148-DESKTOP-OVL59AB/dcp/ug1165_bd_wrapper.xdc]
Finished Parsing XDC File [C:/Users/zhang/Documents/SoC/ug1165/ug1165.runs/impl_1/.Xil/Vivado-7148-DESKTOP-OVL59AB/dcp/ug1165_bd_wrapper.xdc]
Reading XDEF placement.
Reading placer database...
Reading XDEF routing.
Read XDEF File: Time (s): cpu = 00:00:00 ; elapsed = 00:00:00.368 . Memory (MB): peak = 494.234 ; gain = 0.000
Restored from archive | CPU: 0.000000 secs | Memory: 0.000000 MB |
Finished XDEF File Restore: Time (s): cpu = 00:00:00 ; elapsed = 00:00:00.371 . Memory (MB): peak = 494.234 ; gain = 0.000
INFO: [Project 1-111] Unisim Transformation Summary:
No Unisim elements were transformed.

INFO: [Project 1-604] Checkpoint was created with Vivado v2016.4 (64-bit) build 1733598
open_checkpoint: Time (s): cpu = 00:00:08 ; elapsed = 00:00:09 . Memory (MB): peak = 494.234 ; gain = 284.000
Command: write_bitstream -force -no_partial_bitfile ug1165_bd_wrapper.bit
Attempting to get a license for feature 'Implementation' and/or device 'xc7z020'
INFO: [Common 17-349] Got license for feature 'Implementation' and/or device 'xc7z020'
Running DRC as a precondition to command write_bitstream
INFO: [DRC 23-27] Running DRC with 2 threads
INFO: [Vivado 12-3199] DRC finished with 0 Errors
INFO: [Vivado 12-3200] Please refer to the DRC report (report_drc) for more information.
Loading data files...
Loading site data...
Loading route data...
Processing options...
Creating bitmap...
Creating bitstream...
Writing bitstream ./ug1165_bd_wrapper.bit...
INFO: [Vivado 12-1842] Bitgen Completed Successfully.
INFO: [Project 1-120] WebTalk data collection is mandatory when using a WebPACK part without a full Vivado license. To see the specific WebTalk data collected for your design, open the usage_statistics_webtalk.html or usage_statistics_webtalk.xml file in the implementation directory.
INFO: [Common 17-186] 'C:/Users/zhang/Documents/SoC/ug1165/ug1165.runs/impl_1/usage_statistics_webtalk.xml' has been successfully sent to Xilinx on Sat Jan 28 17:21:38 2017. For additional details about this file, please refer to the WebTalk help file at C:/Xilinx/Vivado/2016.4/doc/webtalk_introduction.html.
INFO: [Common 17-83] Releasing license: Implementation
15 Infos, 0 Warnings, 0 Critical Warnings and 0 Errors encountered.
write_bitstream completed successfully
write_bitstream: Time (s): cpu = 00:00:18 ; elapsed = 00:00:20 . Memory (MB): peak = 877.734 ; gain = 383.500
INFO: [Common 17-206] Exiting Vivado at Sat Jan 28 17:21:38 2017...
