
*** Running vivado
    with args -log ug1165_bd_auto_pc_0.vds -m64 -product Vivado -mode batch -messageDb vivado.pb -notrace -source ug1165_bd_auto_pc_0.tcl


****** Vivado v2016.4 (64-bit)
  **** SW Build 1733598 on Wed Dec 14 22:35:39 MST 2016
  **** IP Build 1731160 on Wed Dec 14 23:47:21 MST 2016
    ** Copyright 1986-2016 Xilinx, Inc. All Rights Reserved.

source ug1165_bd_auto_pc_0.tcl -notrace
Starting RTL Elaboration : Time (s): cpu = 00:00:09 ; elapsed = 00:00:11 . Memory (MB): peak = 298.949 ; gain = 89.480
INFO: [Synth 8-638] synthesizing module 'ug1165_bd_auto_pc_0' [c:/Users/zhang/Documents/SoC/ug1165/ug1165.srcs/sources_1/bd/ug1165_bd/ip/ug1165_bd_auto_pc_0/synth/ug1165_bd_auto_pc_0.v:58]
INFO: [Synth 8-638] synthesizing module 'axi_protocol_converter_v2_1_11_axi_protocol_converter' [c:/Users/zhang/Documents/SoC/ug1165/ug1165.srcs/sources_1/bd/ug1165_bd/ipshared/df1b/hdl/axi_protocol_converter_v2_1_vl_rfs.v:4806]
INFO: [Synth 8-638] synthesizing module 'axi_protocol_converter_v2_1_11_b2s' [c:/Users/zhang/Documents/SoC/ug1165/ug1165.srcs/sources_1/bd/ug1165_bd/ipshared/df1b/hdl/axi_protocol_converter_v2_1_vl_rfs.v:4224]
INFO: [Synth 8-638] synthesizing module 'axi_protocol_converter_v2_1_11_b2s_aw_channel' [c:/Users/zhang/Documents/SoC/ug1165/ug1165.srcs/sources_1/bd/ug1165_bd/ipshared/df1b/hdl/axi_protocol_converter_v2_1_vl_rfs.v:3969]
INFO: [Synth 8-638] synthesizing module 'axi_protocol_converter_v2_1_11_b2s_cmd_translator' [c:/Users/zhang/Documents/SoC/ug1165/ug1165.srcs/sources_1/bd/ug1165_bd/ipshared/df1b/hdl/axi_protocol_converter_v2_1_vl_rfs.v:3467]
INFO: [Synth 8-638] synthesizing module 'axi_protocol_converter_v2_1_11_b2s_incr_cmd' [c:/Users/zhang/Documents/SoC/ug1165/ug1165.srcs/sources_1/bd/ug1165_bd/ipshared/df1b/hdl/axi_protocol_converter_v2_1_vl_rfs.v:3093]
INFO: [Synth 8-256] done synthesizing module 'axi_protocol_converter_v2_1_11_b2s_incr_cmd' (1#1) [c:/Users/zhang/Documents/SoC/ug1165/ug1165.srcs/sources_1/bd/ug1165_bd/ipshared/df1b/hdl/axi_protocol_converter_v2_1_vl_rfs.v:3093]
INFO: [Synth 8-638] synthesizing module 'axi_protocol_converter_v2_1_11_b2s_wrap_cmd' [c:/Users/zhang/Documents/SoC/ug1165/ug1165.srcs/sources_1/bd/ug1165_bd/ipshared/df1b/hdl/axi_protocol_converter_v2_1_vl_rfs.v:2903]
INFO: [Synth 8-256] done synthesizing module 'axi_protocol_converter_v2_1_11_b2s_wrap_cmd' (2#1) [c:/Users/zhang/Documents/SoC/ug1165/ug1165.srcs/sources_1/bd/ug1165_bd/ipshared/df1b/hdl/axi_protocol_converter_v2_1_vl_rfs.v:2903]
INFO: [Synth 8-256] done synthesizing module 'axi_protocol_converter_v2_1_11_b2s_cmd_translator' (3#1) [c:/Users/zhang/Documents/SoC/ug1165/ug1165.srcs/sources_1/bd/ug1165_bd/ipshared/df1b/hdl/axi_protocol_converter_v2_1_vl_rfs.v:3467]
INFO: [Synth 8-638] synthesizing module 'axi_protocol_converter_v2_1_11_b2s_wr_cmd_fsm' [c:/Users/zhang/Documents/SoC/ug1165/ug1165.srcs/sources_1/bd/ug1165_bd/ipshared/df1b/hdl/axi_protocol_converter_v2_1_vl_rfs.v:3225]
INFO: [Synth 8-256] done synthesizing module 'axi_protocol_converter_v2_1_11_b2s_wr_cmd_fsm' (4#1) [c:/Users/zhang/Documents/SoC/ug1165/ug1165.srcs/sources_1/bd/ug1165_bd/ipshared/df1b/hdl/axi_protocol_converter_v2_1_vl_rfs.v:3225]
INFO: [Synth 8-256] done synthesizing module 'axi_protocol_converter_v2_1_11_b2s_aw_channel' (5#1) [c:/Users/zhang/Documents/SoC/ug1165/ug1165.srcs/sources_1/bd/ug1165_bd/ipshared/df1b/hdl/axi_protocol_converter_v2_1_vl_rfs.v:3969]
INFO: [Synth 8-638] synthesizing module 'axi_protocol_converter_v2_1_11_b2s_b_channel' [c:/Users/zhang/Documents/SoC/ug1165/ug1165.srcs/sources_1/bd/ug1165_bd/ipshared/df1b/hdl/axi_protocol_converter_v2_1_vl_rfs.v:3609]
INFO: [Synth 8-638] synthesizing module 'axi_protocol_converter_v2_1_11_b2s_simple_fifo' [c:/Users/zhang/Documents/SoC/ug1165/ug1165.srcs/sources_1/bd/ug1165_bd/ipshared/df1b/hdl/axi_protocol_converter_v2_1_vl_rfs.v:2816]
INFO: [Synth 8-256] done synthesizing module 'axi_protocol_converter_v2_1_11_b2s_simple_fifo' (6#1) [c:/Users/zhang/Documents/SoC/ug1165/ug1165.srcs/sources_1/bd/ug1165_bd/ipshared/df1b/hdl/axi_protocol_converter_v2_1_vl_rfs.v:2816]
INFO: [Synth 8-638] synthesizing module 'axi_protocol_converter_v2_1_11_b2s_simple_fifo__parameterized0' [c:/Users/zhang/Documents/SoC/ug1165/ug1165.srcs/sources_1/bd/ug1165_bd/ipshared/df1b/hdl/axi_protocol_converter_v2_1_vl_rfs.v:2816]
INFO: [Synth 8-256] done synthesizing module 'axi_protocol_converter_v2_1_11_b2s_simple_fifo__parameterized0' (6#1) [c:/Users/zhang/Documents/SoC/ug1165/ug1165.srcs/sources_1/bd/ug1165_bd/ipshared/df1b/hdl/axi_protocol_converter_v2_1_vl_rfs.v:2816]
INFO: [Synth 8-256] done synthesizing module 'axi_protocol_converter_v2_1_11_b2s_b_channel' (7#1) [c:/Users/zhang/Documents/SoC/ug1165/ug1165.srcs/sources_1/bd/ug1165_bd/ipshared/df1b/hdl/axi_protocol_converter_v2_1_vl_rfs.v:3609]
INFO: [Synth 8-638] synthesizing module 'axi_protocol_converter_v2_1_11_b2s_ar_channel' [c:/Users/zhang/Documents/SoC/ug1165/ug1165.srcs/sources_1/bd/ug1165_bd/ipshared/df1b/hdl/axi_protocol_converter_v2_1_vl_rfs.v:4080]
INFO: [Synth 8-638] synthesizing module 'axi_protocol_converter_v2_1_11_b2s_rd_cmd_fsm' [c:/Users/zhang/Documents/SoC/ug1165/ug1165.srcs/sources_1/bd/ug1165_bd/ipshared/df1b/hdl/axi_protocol_converter_v2_1_vl_rfs.v:3336]
INFO: [Synth 8-256] done synthesizing module 'axi_protocol_converter_v2_1_11_b2s_rd_cmd_fsm' (8#1) [c:/Users/zhang/Documents/SoC/ug1165/ug1165.srcs/sources_1/bd/ug1165_bd/ipshared/df1b/hdl/axi_protocol_converter_v2_1_vl_rfs.v:3336]
INFO: [Synth 8-256] done synthesizing module 'axi_protocol_converter_v2_1_11_b2s_ar_channel' (9#1) [c:/Users/zhang/Documents/SoC/ug1165/ug1165.srcs/sources_1/bd/ug1165_bd/ipshared/df1b/hdl/axi_protocol_converter_v2_1_vl_rfs.v:4080]
INFO: [Synth 8-638] synthesizing module 'axi_protocol_converter_v2_1_11_b2s_r_channel' [c:/Users/zhang/Documents/SoC/ug1165/ug1165.srcs/sources_1/bd/ug1165_bd/ipshared/df1b/hdl/axi_protocol_converter_v2_1_vl_rfs.v:3809]
INFO: [Synth 8-638] synthesizing module 'axi_protocol_converter_v2_1_11_b2s_simple_fifo__parameterized1' [c:/Users/zhang/Documents/SoC/ug1165/ug1165.srcs/sources_1/bd/ug1165_bd/ipshared/df1b/hdl/axi_protocol_converter_v2_1_vl_rfs.v:2816]
INFO: [Synth 8-256] done synthesizing module 'axi_protocol_converter_v2_1_11_b2s_simple_fifo__parameterized1' (9#1) [c:/Users/zhang/Documents/SoC/ug1165/ug1165.srcs/sources_1/bd/ug1165_bd/ipshared/df1b/hdl/axi_protocol_converter_v2_1_vl_rfs.v:2816]
INFO: [Synth 8-638] synthesizing module 'axi_protocol_converter_v2_1_11_b2s_simple_fifo__parameterized2' [c:/Users/zhang/Documents/SoC/ug1165/ug1165.srcs/sources_1/bd/ug1165_bd/ipshared/df1b/hdl/axi_protocol_converter_v2_1_vl_rfs.v:2816]
INFO: [Synth 8-256] done synthesizing module 'axi_protocol_converter_v2_1_11_b2s_simple_fifo__parameterized2' (9#1) [c:/Users/zhang/Documents/SoC/ug1165/ug1165.srcs/sources_1/bd/ug1165_bd/ipshared/df1b/hdl/axi_protocol_converter_v2_1_vl_rfs.v:2816]
INFO: [Synth 8-256] done synthesizing module 'axi_protocol_converter_v2_1_11_b2s_r_channel' (10#1) [c:/Users/zhang/Documents/SoC/ug1165/ug1165.srcs/sources_1/bd/ug1165_bd/ipshared/df1b/hdl/axi_protocol_converter_v2_1_vl_rfs.v:3809]
INFO: [Synth 8-638] synthesizing module 'axi_register_slice_v2_1_11_axi_register_slice' [c:/Users/zhang/Documents/SoC/ug1165/ug1165.srcs/sources_1/bd/ug1165_bd/ipshared/0b6b/hdl/axi_register_slice_v2_1_vl_rfs.v:791]
INFO: [Synth 8-638] synthesizing module 'axi_infrastructure_v1_1_0_axi2vector' [c:/Users/zhang/Documents/SoC/ug1165/ug1165.srcs/sources_1/bd/ug1165_bd/ipshared/7e3a/hdl/axi_infrastructure_v1_1_vl_rfs.v:60]
INFO: [Synth 8-256] done synthesizing module 'axi_infrastructure_v1_1_0_axi2vector' (11#1) [c:/Users/zhang/Documents/SoC/ug1165/ug1165.srcs/sources_1/bd/ug1165_bd/ipshared/7e3a/hdl/axi_infrastructure_v1_1_vl_rfs.v:60]
INFO: [Synth 8-638] synthesizing module 'axi_register_slice_v2_1_11_axic_register_slice' [c:/Users/zhang/Documents/SoC/ug1165/ug1165.srcs/sources_1/bd/ug1165_bd/ipshared/0b6b/hdl/axi_register_slice_v2_1_vl_rfs.v:85]
INFO: [Synth 8-256] done synthesizing module 'axi_register_slice_v2_1_11_axic_register_slice' (12#1) [c:/Users/zhang/Documents/SoC/ug1165/ug1165.srcs/sources_1/bd/ug1165_bd/ipshared/0b6b/hdl/axi_register_slice_v2_1_vl_rfs.v:85]
INFO: [Synth 8-638] synthesizing module 'axi_register_slice_v2_1_11_axic_register_slice__parameterized0' [c:/Users/zhang/Documents/SoC/ug1165/ug1165.srcs/sources_1/bd/ug1165_bd/ipshared/0b6b/hdl/axi_register_slice_v2_1_vl_rfs.v:85]
INFO: [Synth 8-256] done synthesizing module 'axi_register_slice_v2_1_11_axic_register_slice__parameterized0' (12#1) [c:/Users/zhang/Documents/SoC/ug1165/ug1165.srcs/sources_1/bd/ug1165_bd/ipshared/0b6b/hdl/axi_register_slice_v2_1_vl_rfs.v:85]
INFO: [Synth 8-638] synthesizing module 'axi_register_slice_v2_1_11_axic_register_slice__parameterized1' [c:/Users/zhang/Documents/SoC/ug1165/ug1165.srcs/sources_1/bd/ug1165_bd/ipshared/0b6b/hdl/axi_register_slice_v2_1_vl_rfs.v:85]
INFO: [Synth 8-256] done synthesizing module 'axi_register_slice_v2_1_11_axic_register_slice__parameterized1' (12#1) [c:/Users/zhang/Documents/SoC/ug1165/ug1165.srcs/sources_1/bd/ug1165_bd/ipshared/0b6b/hdl/axi_register_slice_v2_1_vl_rfs.v:85]
INFO: [Synth 8-638] synthesizing module 'axi_register_slice_v2_1_11_axic_register_slice__parameterized2' [c:/Users/zhang/Documents/SoC/ug1165/ug1165.srcs/sources_1/bd/ug1165_bd/ipshared/0b6b/hdl/axi_register_slice_v2_1_vl_rfs.v:85]
INFO: [Synth 8-256] done synthesizing module 'axi_register_slice_v2_1_11_axic_register_slice__parameterized2' (12#1) [c:/Users/zhang/Documents/SoC/ug1165/ug1165.srcs/sources_1/bd/ug1165_bd/ipshared/0b6b/hdl/axi_register_slice_v2_1_vl_rfs.v:85]
INFO: [Synth 8-638] synthesizing module 'axi_infrastructure_v1_1_0_vector2axi' [c:/Users/zhang/Documents/SoC/ug1165/ug1165.srcs/sources_1/bd/ug1165_bd/ipshared/7e3a/hdl/axi_infrastructure_v1_1_vl_rfs.v:474]
INFO: [Synth 8-256] done synthesizing module 'axi_infrastructure_v1_1_0_vector2axi' (13#1) [c:/Users/zhang/Documents/SoC/ug1165/ug1165.srcs/sources_1/bd/ug1165_bd/ipshared/7e3a/hdl/axi_infrastructure_v1_1_vl_rfs.v:474]
INFO: [Synth 8-256] done synthesizing module 'axi_register_slice_v2_1_11_axi_register_slice' (14#1) [c:/Users/zhang/Documents/SoC/ug1165/ug1165.srcs/sources_1/bd/ug1165_bd/ipshared/0b6b/hdl/axi_register_slice_v2_1_vl_rfs.v:791]
INFO: [Synth 8-638] synthesizing module 'axi_register_slice_v2_1_11_axi_register_slice__parameterized0' [c:/Users/zhang/Documents/SoC/ug1165/ug1165.srcs/sources_1/bd/ug1165_bd/ipshared/0b6b/hdl/axi_register_slice_v2_1_vl_rfs.v:791]
INFO: [Synth 8-638] synthesizing module 'axi_infrastructure_v1_1_0_axi2vector__parameterized0' [c:/Users/zhang/Documents/SoC/ug1165/ug1165.srcs/sources_1/bd/ug1165_bd/ipshared/7e3a/hdl/axi_infrastructure_v1_1_vl_rfs.v:60]
INFO: [Synth 8-256] done synthesizing module 'axi_infrastructure_v1_1_0_axi2vector__parameterized0' (14#1) [c:/Users/zhang/Documents/SoC/ug1165/ug1165.srcs/sources_1/bd/ug1165_bd/ipshared/7e3a/hdl/axi_infrastructure_v1_1_vl_rfs.v:60]
INFO: [Synth 8-638] synthesizing module 'axi_register_slice_v2_1_11_axic_register_slice__parameterized3' [c:/Users/zhang/Documents/SoC/ug1165/ug1165.srcs/sources_1/bd/ug1165_bd/ipshared/0b6b/hdl/axi_register_slice_v2_1_vl_rfs.v:85]
INFO: [Synth 8-256] done synthesizing module 'axi_register_slice_v2_1_11_axic_register_slice__parameterized3' (14#1) [c:/Users/zhang/Documents/SoC/ug1165/ug1165.srcs/sources_1/bd/ug1165_bd/ipshared/0b6b/hdl/axi_register_slice_v2_1_vl_rfs.v:85]
INFO: [Synth 8-638] synthesizing module 'axi_register_slice_v2_1_11_axic_register_slice__parameterized4' [c:/Users/zhang/Documents/SoC/ug1165/ug1165.srcs/sources_1/bd/ug1165_bd/ipshared/0b6b/hdl/axi_register_slice_v2_1_vl_rfs.v:85]
INFO: [Synth 8-256] done synthesizing module 'axi_register_slice_v2_1_11_axic_register_slice__parameterized4' (14#1) [c:/Users/zhang/Documents/SoC/ug1165/ug1165.srcs/sources_1/bd/ug1165_bd/ipshared/0b6b/hdl/axi_register_slice_v2_1_vl_rfs.v:85]
INFO: [Synth 8-638] synthesizing module 'axi_register_slice_v2_1_11_axic_register_slice__parameterized5' [c:/Users/zhang/Documents/SoC/ug1165/ug1165.srcs/sources_1/bd/ug1165_bd/ipshared/0b6b/hdl/axi_register_slice_v2_1_vl_rfs.v:85]
INFO: [Synth 8-256] done synthesizing module 'axi_register_slice_v2_1_11_axic_register_slice__parameterized5' (14#1) [c:/Users/zhang/Documents/SoC/ug1165/ug1165.srcs/sources_1/bd/ug1165_bd/ipshared/0b6b/hdl/axi_register_slice_v2_1_vl_rfs.v:85]
INFO: [Synth 8-638] synthesizing module 'axi_register_slice_v2_1_11_axic_register_slice__parameterized6' [c:/Users/zhang/Documents/SoC/ug1165/ug1165.srcs/sources_1/bd/ug1165_bd/ipshared/0b6b/hdl/axi_register_slice_v2_1_vl_rfs.v:85]
INFO: [Synth 8-256] done synthesizing module 'axi_register_slice_v2_1_11_axic_register_slice__parameterized6' (14#1) [c:/Users/zhang/Documents/SoC/ug1165/ug1165.srcs/sources_1/bd/ug1165_bd/ipshared/0b6b/hdl/axi_register_slice_v2_1_vl_rfs.v:85]
INFO: [Synth 8-638] synthesizing module 'axi_register_slice_v2_1_11_axic_register_slice__parameterized7' [c:/Users/zhang/Documents/SoC/ug1165/ug1165.srcs/sources_1/bd/ug1165_bd/ipshared/0b6b/hdl/axi_register_slice_v2_1_vl_rfs.v:85]
INFO: [Synth 8-256] done synthesizing module 'axi_register_slice_v2_1_11_axic_register_slice__parameterized7' (14#1) [c:/Users/zhang/Documents/SoC/ug1165/ug1165.srcs/sources_1/bd/ug1165_bd/ipshared/0b6b/hdl/axi_register_slice_v2_1_vl_rfs.v:85]
INFO: [Synth 8-638] synthesizing module 'axi_infrastructure_v1_1_0_vector2axi__parameterized0' [c:/Users/zhang/Documents/SoC/ug1165/ug1165.srcs/sources_1/bd/ug1165_bd/ipshared/7e3a/hdl/axi_infrastructure_v1_1_vl_rfs.v:474]
INFO: [Synth 8-256] done synthesizing module 'axi_infrastructure_v1_1_0_vector2axi__parameterized0' (14#1) [c:/Users/zhang/Documents/SoC/ug1165/ug1165.srcs/sources_1/bd/ug1165_bd/ipshared/7e3a/hdl/axi_infrastructure_v1_1_vl_rfs.v:474]
INFO: [Synth 8-256] done synthesizing module 'axi_register_slice_v2_1_11_axi_register_slice__parameterized0' (14#1) [c:/Users/zhang/Documents/SoC/ug1165/ug1165.srcs/sources_1/bd/ug1165_bd/ipshared/0b6b/hdl/axi_register_slice_v2_1_vl_rfs.v:791]
INFO: [Synth 8-256] done synthesizing module 'axi_protocol_converter_v2_1_11_b2s' (15#1) [c:/Users/zhang/Documents/SoC/ug1165/ug1165.srcs/sources_1/bd/ug1165_bd/ipshared/df1b/hdl/axi_protocol_converter_v2_1_vl_rfs.v:4224]
INFO: [Synth 8-256] done synthesizing module 'axi_protocol_converter_v2_1_11_axi_protocol_converter' (16#1) [c:/Users/zhang/Documents/SoC/ug1165/ug1165.srcs/sources_1/bd/ug1165_bd/ipshared/df1b/hdl/axi_protocol_converter_v2_1_vl_rfs.v:4806]
INFO: [Synth 8-256] done synthesizing module 'ug1165_bd_auto_pc_0' (17#1) [c:/Users/zhang/Documents/SoC/ug1165/ug1165.srcs/sources_1/bd/ug1165_bd/ip/ug1165_bd_auto_pc_0/synth/ug1165_bd_auto_pc_0.v:58]
Finished RTL Elaboration : Time (s): cpu = 00:00:38 ; elapsed = 00:00:40 . Memory (MB): peak = 415.238 ; gain = 205.770
Finished RTL Optimization Phase 1 : Time (s): cpu = 00:00:38 ; elapsed = 00:00:40 . Memory (MB): peak = 415.238 ; gain = 205.770
INFO: [Device 21-403] Loading part xc7z020clg484-1
Constraint Validation Runtime : Time (s): cpu = 00:00:00 ; elapsed = 00:00:00.062 . Memory (MB): peak = 665.734 ; gain = 0.063
Finished Constraint Validation : Time (s): cpu = 00:00:48 ; elapsed = 00:00:50 . Memory (MB): peak = 665.734 ; gain = 456.266
Finished Loading Part and Timing Information : Time (s): cpu = 00:00:48 ; elapsed = 00:00:50 . Memory (MB): peak = 665.734 ; gain = 456.266
Finished applying 'set_property' XDC Constraints : Time (s): cpu = 00:00:48 ; elapsed = 00:00:50 . Memory (MB): peak = 665.734 ; gain = 456.266
Finished RTL Optimization Phase 2 : Time (s): cpu = 00:00:48 ; elapsed = 00:00:51 . Memory (MB): peak = 665.734 ; gain = 456.266
Finished Cross Boundary and Area Optimization : Time (s): cpu = 00:00:50 ; elapsed = 00:00:53 . Memory (MB): peak = 665.734 ; gain = 456.266
Finished Applying XDC Timing Constraints : Time (s): cpu = 00:01:01 ; elapsed = 00:01:03 . Memory (MB): peak = 665.734 ; gain = 456.266
Finished Timing Optimization : Time (s): cpu = 00:01:02 ; elapsed = 00:01:05 . Memory (MB): peak = 670.949 ; gain = 461.480
Finished Technology Mapping : Time (s): cpu = 00:01:03 ; elapsed = 00:01:05 . Memory (MB): peak = 675.418 ; gain = 465.949
Finished IO Insertion : Time (s): cpu = 00:01:03 ; elapsed = 00:01:06 . Memory (MB): peak = 675.418 ; gain = 465.949
Finished Renaming Generated Instances : Time (s): cpu = 00:01:03 ; elapsed = 00:01:06 . Memory (MB): peak = 675.418 ; gain = 465.949
Finished Rebuilding User Hierarchy : Time (s): cpu = 00:01:03 ; elapsed = 00:01:06 . Memory (MB): peak = 675.418 ; gain = 465.949
Finished Renaming Generated Ports : Time (s): cpu = 00:01:03 ; elapsed = 00:01:06 . Memory (MB): peak = 675.418 ; gain = 465.949
Finished Handling Custom Attributes : Time (s): cpu = 00:01:03 ; elapsed = 00:01:06 . Memory (MB): peak = 675.418 ; gain = 465.949
Finished Renaming Generated Nets : Time (s): cpu = 00:01:03 ; elapsed = 00:01:06 . Memory (MB): peak = 675.418 ; gain = 465.949

Report Cell Usage: 
+------+--------+------+
|      |Cell    |Count |
+------+--------+------+
|1     |CARRY4  |    18|
|2     |LUT1    |    38|
|3     |LUT2    |    18|
|4     |LUT3    |   235|
|5     |LUT4    |    41|
|6     |LUT5    |    70|
|7     |LUT6    |   106|
|8     |SRL16E  |    18|
|9     |SRLC32E |    47|
|10    |FDRE    |   548|
|11    |FDSE    |    51|
+------+--------+------+
Finished Writing Synthesis Report : Time (s): cpu = 00:01:03 ; elapsed = 00:01:06 . Memory (MB): peak = 675.418 ; gain = 465.949
synth_design: Time (s): cpu = 00:01:02 ; elapsed = 00:01:04 . Memory (MB): peak = 683.828 ; gain = 467.211
